<?xml version="1.0" encoding="UTF-8"?>
<testsuite xmlns:xsi="http://www.w3.org/2001/XMLSchema-instance" xsi:noNamespaceSchemaLocation="https://maven.apache.org/surefire/maven-surefire-plugin/xsd/surefire-test-report-3.0.xsd" version="3.0" name="com.jandrishti.AuthIntegrationTests" time="3.049" tests="4" errors="0" skipped="0" failures="0">
  <properties>
[...]
</properties>
  <testcase name="testLoginSuccess" classname="com.jandrishti.AuthIntegrationTests" time="0.499">
    <system-out><![CDATA[12:12:30.910 [main] INFO org.springframework.test.context.support.AnnotationConfigContextLoaderUtils -- Could not detect default configuration classes for test class [com.jandrishti.AuthIntegrationTests]: AuthIntegrationTests does not declare any static, non-private, non-final, nested classes annotated with @Configuration.
12:12:30.962 [main] INFO org.springframework.boot.test.context.SpringBootTestContextBootstrapper -- Found @SpringBootConfiguration com.jandrishti.JanDrishtiApplication for test class com.jandrishti.AuthIntegrationTests

  .   ____          _            __ _ _
 /\\ / ___'_ __ _ _(_)_ __  __ _ \ \ \ \
( ( )\___ | '_ | '_| | '_ \/ _` | \ \ \ \
 \\/  ___)| |_)| | | | | || (_| |  ) ) ) )
  '  |____| .__|_| |_|_| |_\__, | / / / /
 =========|_|==============|___/=/_/_/_/
 :: Spring Boot ::                (v3.2.5)

2026-09-06T12:12:31.168+05:30  INFO 25544 --- [           main] com.jandrishti.AuthIntegrationTests      : Starting AuthIntegrationTests using Java 26.0.1 with PID 25544 (started by Atharva in D:\Workspace\Web_Workspace\prototypeJANDRISHTI\backend)
2026-09-06T12:12:31.168+05:30  INFO 25544 --- [           main] com.jandrishti.AuthIntegrationTests      : The following 1 profile is active: "test"
2026-09-06T12:12:31.469+05:30  INFO 25544 --- [           main] .s.d.r.c.RepositoryConfigurationDelegate : Bootstrapping Spring Data JPA repositories in DEFAULT mode.
2026-09-06T12:12:31.505+05:30  INFO 25544 --- [           main] .s.d.r.c.RepositoryConfigurationDelegate : Finished Spring Data repository scanning in 32 ms. Found 8 JPA repository interfaces.
2026-09-06T12:12:31.777+05:30  INFO 25544 --- [           main] o.hibernate.jpa.internal.util.LogHelper  : HHH000204: Processing PersistenceUnitInfo [name: default]
2026-09-06T12:12:31.803+05:30  INFO 25544 --- [           main] org.hibernate.Version                    : HHH000412: Hibernate ORM core version 6.4.4.Final
2026-09-06T12:12:31.819+05:30  INFO 25544 --- [           main] o.h.c.internal.RegionFactoryInitiator    : HHH000026: Second-level cache disabled
2026-09-06T12:12:31.961+05:30  INFO 25544 --- [           main] o.s.o.j.p.SpringPersistenceUnitInfo      : No LoadTimeWeaver setup: ignoring JPA class transformer
2026-09-06T12:12:31.974+05:30  INFO 25544 --- [           main] com.zaxxer.hikari.HikariDataSource       : HikariPool-1 - Starting...
2026-09-06T12:12:32.057+05:30  INFO 25544 --- [           main] com.zaxxer.hikari.pool.HikariPool        : HikariPool-1 - Added connection conn0: url=jdbc:h2:mem:testdb user=SA
2026-09-06T12:12:32.058+05:30  INFO 25544 --- [           main] com.zaxxer.hikari.HikariDataSource       : HikariPool-1 - Start completed.
2026-09-06T12:12:32.069+05:30  WARN 25544 --- [           main] org.hibernate.orm.deprecation            : HHH90000025: H2Dialect does not need to be specified explicitly using 'hibernate.dialect' (remove the property setting and it will be selected by default)
2026-09-06T12:12:32.495+05:30  INFO 25544 --- [           main] o.h.e.t.j.p.i.JtaPlatformInitiator       : HHH000489: No JTA platform available (set 'hibernate.transaction.jta.platform' to enable JTA platform integration)
Hibernate: drop table if exists audit_logs cascade 
Hibernate: drop table if exists cluster_reports cascade 
Hibernate: drop table if exists demand_clusters cascade 
Hibernate: drop table if exists notifications cascade 
Hibernate: drop table if exists officer_decisions cascade 
Hibernate: drop table if exists report_ai_analysis cascade 
Hibernate: drop table if exists reports cascade 
Hibernate: drop table if exists users cascade 
Hibernate: create table audit_logs (created_at timestamp(6) not null, id bigint generated by default as identity, user_id bigint, action varchar(255) not null, entity_id varchar(255), entity_type varchar(255), ip_address varchar(255), metadata TEXT, primary key (id))
Hibernate: create table cluster_reports (cluster_id bigint not null, id bigint generated by default as identity, report_id bigint not null, primary key (id))
Hibernate: create table demand_clusters (demand_score float(53), growth_rate float(53), population_impact_score float(53), priority_score float(53), report_count integer, service_gap_score float(53), urgency_score float(53), created_at timestamp(6) not null, id bigint generated by default as identity, updated_at timestamp(6), category varchar(255), district varchar(255), recommended_actions TEXT, subcategory varchar(255), summary TEXT, ward varchar(255), primary key (id))
Hibernate: create table notifications (is_read boolean not null, created_at timestamp(6) not null, id bigint generated by default as identity, report_id bigint, user_id bigint not null, message TEXT not null, title varchar(255) not null, type varchar(255) not null, primary key (id))
Hibernate: create table officer_decisions (cluster_id bigint not null, created_at timestamp(6) not null, id bigint generated by default as identity, officer_id bigint not null, comment TEXT, decision varchar(255) not null check (decision in ('APPROVED','MODIFIED','REJECTED')), primary key (id))
Hibernate: create table report_ai_analysis (confidence float(53), urgency integer, created_at timestamp(6) not null, id bigint generated by default as identity, report_id bigint not null, detected_category varchar(255), detected_language varchar(255), detected_subcategory varchar(255), extracted_entities TEXT, summary TEXT, primary key (id))
Hibernate: create table reports (ai_confidence float(53), latitude float(53), longitude float(53), urgency integer, citizen_id bigint not null, created_at timestamp(6) not null, id bigint generated by default as identity, updated_at timestamp(6), category varchar(255), description TEXT, district varchar(255), language varchar(255) not null, original_text TEXT not null, report_code varchar(255) not null unique, status varchar(255) not null check (status in ('SUBMITTED','AI_PROCESSED','UNDER_REVIEW','ACTION_APPROVED','ACTION_IN_PROGRESS','RESOLVED','REJECTED')), subcategory varchar(255), ward varchar(255), primary key (id))
Hibernate: create table users (active boolean not null, created_at timestamp(6) not null, id bigint generated by default as identity, updated_at timestamp(6), email varchar(255) not null unique, name varchar(255) not null, password_hash varchar(255) not null, phone varchar(255) not null, preferred_language varchar(255) not null, role varchar(255) not null check (role in ('CITIZEN','OFFICER')), primary key (id))
2026-09-06T12:12:32.519+05:30  INFO 25544 --- [           main] j.LocalContainerEntityManagerFactoryBean : Initialized JPA EntityManagerFactory for persistence unit 'default'
2026-09-06T12:12:32.902+05:30  WARN 25544 --- [           main] JpaBaseConfiguration$JpaWebConfiguration : spring.jpa.open-in-view is enabled by default. Therefore, database queries may be performed during view rendering. Explicitly configure spring.jpa.open-in-view to disable this warning
2026-09-06T12:12:33.038+05:30  INFO 25544 --- [           main] o.s.s.web.DefaultSecurityFilterChain     : Will secure any request with [org.springframework.security.web.session.DisableEncodeUrlFilter@473c491, org.springframework.security.web.context.request.async.WebAsyncManagerIntegrationFilter@3ede428e, org.springframework.security.web.context.SecurityContextHolderFilter@40477d52, org.springframework.security.web.header.HeaderWriterFilter@4c69b396, org.springframework.web.filter.CorsFilter@70a8654, org.springframework.security.web.authentication.logout.LogoutFilter@4fe4b8b6, com.jandrishti.security.JwtAuthenticationFilter@2eb91767, org.springframework.security.web.savedrequest.RequestCacheAwareFilter@59b43e35, org.springframework.security.web.servletapi.SecurityContextHolderAwareRequestFilter@66297b63, org.springframework.security.web.authentication.AnonymousAuthenticationFilter@671c71e8, org.springframework.security.web.session.SessionManagementFilter@59e67a18, org.springframework.security.web.access.ExceptionTranslationFilter@367653cc, org.springframework.security.web.access.intercept.AuthorizationFilter@669b8190]
2026-09-06T12:12:33.228+05:30  INFO 25544 --- [           main] o.s.b.t.m.w.SpringBootMockServletContext : Initializing Spring TestDispatcherServlet ''
2026-09-06T12:12:33.228+05:30  INFO 25544 --- [           main] o.s.t.web.servlet.TestDispatcherServlet  : Initializing Servlet ''
2026-09-06T12:12:33.228+05:30  INFO 25544 --- [           main] o.s.t.web.servlet.TestDispatcherServlet  : Completed initialization in 0 ms
2026-09-06T12:12:33.237+05:30  INFO 25544 --- [           main] com.jandrishti.AuthIntegrationTests      : Started AuthIntegrationTests in 2.214 seconds (process running for 2.685)
Hibernate: select u1_0.id,u1_0.active,u1_0.created_at,u1_0.email,u1_0.name,u1_0.password_hash,u1_0.phone,u1_0.preferred_language,u1_0.role,u1_0.updated_at from users u1_0
Hibernate: select u1_0.id from users u1_0 where u1_0.email=? fetch first ? rows only
Hibernate: insert into users (active,created_at,email,name,password_hash,phone,preferred_language,role,updated_at,id) values (?,?,?,?,?,?,?,?,?,default)
Hibernate: select u1_0.id,u1_0.active,u1_0.created_at,u1_0.email,u1_0.name,u1_0.password_hash,u1_0.phone,u1_0.preferred_language,u1_0.role,u1_0.updated_at from users u1_0 where u1_0.email=?
]]></system-out>
    <system-err><![CDATA[WARNING: A Java agent has been loaded dynamically (C:\Users\Atharva\.m2\repository\net\bytebuddy\byte-buddy-agent\1.14.13\byte-buddy-agent-1.14.13.jar)
WARNING: If a serviceability tool is in use, please run with -XX:+EnableDynamicAgentLoading to hide this warning
WARNING: If a serviceability tool is not in use, please run with -Djdk.instrument.traceUsage for more information
WARNING: Dynamic loading of agents will be disallowed by default in a future release
]]></system-err>
  </testcase>
  <testcase name="testRegistrationSuccess" classname="com.jandrishti.AuthIntegrationTests" time="0.067">
    <system-out><![CDATA[Hibernate: select u1_0.id,u1_0.active,u1_0.created_at,u1_0.email,u1_0.name,u1_0.password_hash,u1_0.phone,u1_0.preferred_language,u1_0.role,u1_0.updated_at from users u1_0
Hibernate: delete from users where id=?
Hibernate: select u1_0.id from users u1_0 where u1_0.email=? fetch first ? rows only
Hibernate: insert into users (active,created_at,email,name,password_hash,phone,preferred_language,role,updated_at,id) values (?,?,?,?,?,?,?,?,?,default)
Hibernate: select u1_0.id from users u1_0 where u1_0.email=? fetch first ? rows only
]]></system-out>
  </testcase>
  <testcase name="testRegistrationValidationFailure" classname="com.jandrishti.AuthIntegrationTests" time="0.014">
    <system-out><![CDATA[Hibernate: select u1_0.id,u1_0.active,u1_0.created_at,u1_0.email,u1_0.name,u1_0.password_hash,u1_0.phone,u1_0.preferred_language,u1_0.role,u1_0.updated_at from users u1_0
Hibernate: delete from users where id=?
]]></system-out>
  </testcase>
  <testcase name="testLoginInvalidCredentials" classname="com.jandrishti.AuthIntegrationTests" time="0.054">
    <system-out><![CDATA[Hibernate: select u1_0.id,u1_0.active,u1_0.created_at,u1_0.email,u1_0.name,u1_0.password_hash,u1_0.phone,u1_0.preferred_language,u1_0.role,u1_0.updated_at from users u1_0
Hibernate: select u1_0.id,u1_0.active,u1_0.created_at,u1_0.email,u1_0.name,u1_0.password_hash,u1_0.phone,u1_0.preferred_language,u1_0.role,u1_0.updated_at from users u1_0 where u1_0.email=?
]]></system-out>
  </testcase>
</testsuite>