<?xml version="1.0" encoding="UTF-8"?>
<testsuite xmlns:xsi="http://www.w3.org/2001/XMLSchema-instance" xsi:noNamespaceSchemaLocation="https://maven.apache.org/surefire/maven-surefire-plugin/xsd/surefire-test-report-3.0.xsd" version="3.0" name="com.jandrishti.ReportIntegrationTests" time="0.067" tests="3" errors="0" skipped="0" failures="0">
  <properties>
[...]
</properties>
  <testcase name="testCreateReportUnauthorized" classname="com.jandrishti.ReportIntegrationTests" time="0.011">
    <system-out><![CDATA[2026-09-06T12:12:33.900+05:30  INFO 25544 --- [           main] t.c.s.AnnotationConfigContextLoaderUtils : Could not detect default configuration classes for test class [com.jandrishti.ReportIntegrationTests]: ReportIntegrationTests does not declare any static, non-private, non-final, nested classes annotated with @Configuration.
2026-09-06T12:12:33.902+05:30  INFO 25544 --- [           main] .b.t.c.SpringBootTestContextBootstrapper : Found @SpringBootConfiguration com.jandrishti.JanDrishtiApplication for test class com.jandrishti.ReportIntegrationTests
Hibernate: select r1_0.id,r1_0.ai_confidence,r1_0.category,r1_0.citizen_id,r1_0.created_at,r1_0.description,r1_0.district,r1_0.language,r1_0.latitude,r1_0.longitude,r1_0.original_text,r1_0.report_code,r1_0.status,r1_0.subcategory,r1_0.updated_at,r1_0.urgency,r1_0.ward from reports r1_0
Hibernate: select u1_0.id,u1_0.active,u1_0.created_at,u1_0.email,u1_0.name,u1_0.password_hash,u1_0.phone,u1_0.preferred_language,u1_0.role,u1_0.updated_at from users u1_0
Hibernate: insert into users (active,created_at,email,name,password_hash,phone,preferred_language,role,updated_at,id) values (?,?,?,?,?,?,?,?,?,default)
]]></system-out>
  </testcase>
  <testcase name="testGetMyReports" classname="com.jandrishti.ReportIntegrationTests" time="0.028">
    <system-out><![CDATA[Hibernate: select r1_0.id,r1_0.ai_confidence,r1_0.category,r1_0.citizen_id,r1_0.created_at,r1_0.description,r1_0.district,r1_0.language,r1_0.latitude,r1_0.longitude,r1_0.original_text,r1_0.report_code,r1_0.status,r1_0.subcategory,r1_0.updated_at,r1_0.urgency,r1_0.ward from reports r1_0
Hibernate: select u1_0.id,u1_0.active,u1_0.created_at,u1_0.email,u1_0.name,u1_0.password_hash,u1_0.phone,u1_0.preferred_language,u1_0.role,u1_0.updated_at from users u1_0
Hibernate: delete from users where id=?
Hibernate: insert into users (active,created_at,email,name,password_hash,phone,preferred_language,role,updated_at,id) values (?,?,?,?,?,?,?,?,?,default)
Hibernate: select u1_0.id,u1_0.active,u1_0.created_at,u1_0.email,u1_0.name,u1_0.password_hash,u1_0.phone,u1_0.preferred_language,u1_0.role,u1_0.updated_at from users u1_0 where u1_0.email=?
Hibernate: select r1_0.id,r1_0.ai_confidence,r1_0.category,r1_0.citizen_id,r1_0.created_at,r1_0.description,r1_0.district,r1_0.language,r1_0.latitude,r1_0.longitude,r1_0.original_text,r1_0.report_code,r1_0.status,r1_0.subcategory,r1_0.updated_at,r1_0.urgency,r1_0.ward from reports r1_0 where r1_0.citizen_id=?
]]></system-out>
  </testcase>
  <testcase name="testCreateReportSuccess" classname="com.jandrishti.ReportIntegrationTests" time="0.022">
    <system-out><![CDATA[Hibernate: select r1_0.id,r1_0.ai_confidence,r1_0.category,r1_0.citizen_id,r1_0.created_at,r1_0.description,r1_0.district,r1_0.language,r1_0.latitude,r1_0.longitude,r1_0.original_text,r1_0.report_code,r1_0.status,r1_0.subcategory,r1_0.updated_at,r1_0.urgency,r1_0.ward from reports r1_0
Hibernate: select u1_0.id,u1_0.active,u1_0.created_at,u1_0.email,u1_0.name,u1_0.password_hash,u1_0.phone,u1_0.preferred_language,u1_0.role,u1_0.updated_at from users u1_0
Hibernate: delete from users where id=?
Hibernate: insert into users (active,created_at,email,name,password_hash,phone,preferred_language,role,updated_at,id) values (?,?,?,?,?,?,?,?,?,default)
Hibernate: select u1_0.id,u1_0.active,u1_0.created_at,u1_0.email,u1_0.name,u1_0.password_hash,u1_0.phone,u1_0.preferred_language,u1_0.role,u1_0.updated_at from users u1_0 where u1_0.email=?
Hibernate: insert into reports (ai_confidence,category,citizen_id,created_at,description,district,language,latitude,longitude,original_text,report_code,status,subcategory,updated_at,urgency,ward,id) values (?,?,?,?,?,?,?,?,?,?,?,?,?,?,?,?,default)
]]></system-out>
    <system-err><![CDATA[Gemini Service Error: GEMINI_API_KEY is not configured.
]]></system-err>
  </testcase>
</testsuite>